C:\USERS\ADMINISTRATOR\DOCUMENTS\VISUAL STUDIO 2010\PROJECTS\VIDEOTRANSMISSIONSIMULATION\DEBUG\VIDEOTRANSMISSIONSIMULATION.EXE
C:\USERS\ADMINISTRATOR\DOCUMENTS\VISUAL STUDIO 2010\PROJECTS\VIDEOTRANSMISSIONSIMULATION\DEBUG\VIDEOTRANSMISSIONSIMULATION.ILK
C:\USERS\ADMINISTRATOR\DOCUMENTS\VISUAL STUDIO 2010\PROJECTS\VIDEOTRANSMISSIONSIMULATION\DEBUG\VIDEOTRANSMISSIONSIMULATION.PDB
C:\Users\Administrator\Documents\Visual Studio 2010\Projects\videoTransmissionSimulation\videoTransmissionSimulation\Debug\cl.command.1.tlog
C:\Users\Administrator\Documents\Visual Studio 2010\Projects\videoTransmissionSimulation\videoTransmissionSimulation\Debug\CL.read.1.tlog
C:\Users\Administrator\Documents\Visual Studio 2010\Projects\videoTransmissionSimulation\videoTransmissionSimulation\Debug\CL.write.1.tlog
C:\Users\Administrator\Documents\Visual Studio 2010\Projects\videoTransmissionSimulation\videoTransmissionSimulation\Debug\link.command.1.tlog
C:\Users\Administrator\Documents\Visual Studio 2010\Projects\videoTransmissionSimulation\videoTransmissionSimulation\Debug\link.read.1.tlog
C:\Users\Administrator\Documents\Visual Studio 2010\Projects\videoTransmissionSimulation\videoTransmissionSimulation\Debug\link.write.1.tlog
C:\Users\Administrator\Documents\Visual Studio 2010\Projects\videoTransmissionSimulation\videoTransmissionSimulation\Debug\link-cvtres.read.1.tlog
C:\Users\Administrator\Documents\Visual Studio 2010\Projects\videoTransmissionSimulation\videoTransmissionSimulation\Debug\link-cvtres.write.1.tlog
C:\Users\Administrator\Documents\Visual Studio 2010\Projects\videoTransmissionSimulation\videoTransmissionSimulation\Debug\mt.command.1.tlog
C:\Users\Administrator\Documents\Visual Studio 2010\Projects\videoTransmissionSimulation\videoTransmissionSimulation\Debug\mt.read.1.tlog
C:\Users\Administrator\Documents\Visual Studio 2010\Projects\videoTransmissionSimulation\videoTransmissionSimulation\Debug\mt.write.1.tlog
C:\Users\Administrator\Documents\Visual Studio 2010\Projects\videoTransmissionSimulation\videoTransmissionSimulation\Debug\rc.command.1.tlog
C:\Users\Administrator\Documents\Visual Studio 2010\Projects\videoTransmissionSimulation\videoTransmissionSimulation\Debug\rc.read.1.tlog
C:\Users\Administrator\Documents\Visual Studio 2010\Projects\videoTransmissionSimulation\videoTransmissionSimulation\Debug\rc.write.1.tlog
C:\USERS\ADMINISTRATOR\DOCUMENTS\VISUAL STUDIO 2010\PROJECTS\VIDEOTRANSMISSIONSIMULATION\VIDEOTRANSMISSIONSIMULATION\DEBUG\STDAFX.OBJ
C:\Users\Administrator\Documents\Visual Studio 2010\Projects\videoTransmissionSimulation\videoTransmissionSimulation\Debug\vc100.idb
C:\USERS\ADMINISTRATOR\DOCUMENTS\VISUAL STUDIO 2010\PROJECTS\VIDEOTRANSMISSIONSIMULATION\VIDEOTRANSMISSIONSIMULATION\DEBUG\VC100.PDB
C:\USERS\ADMINISTRATOR\DOCUMENTS\VISUAL STUDIO 2010\PROJECTS\VIDEOTRANSMISSIONSIMULATION\VIDEOTRANSMISSIONSIMULATION\DEBUG\VIDEOPREORDERSVC.OBJ
C:\USERS\ADMINISTRATOR\DOCUMENTS\VISUAL STUDIO 2010\PROJECTS\VIDEOTRANSMISSIONSIMULATION\VIDEOTRANSMISSIONSIMULATION\DEBUG\VIDEOSVCRQ.OBJ
C:\USERS\ADMINISTRATOR\DOCUMENTS\VISUAL STUDIO 2010\PROJECTS\VIDEOTRANSMISSIONSIMULATION\VIDEOTRANSMISSIONSIMULATION\DEBUG\VIDEOTRANSMISSIONSIMULATION.EXE.EMBED.MANIFEST
C:\USERS\ADMINISTRATOR\DOCUMENTS\VISUAL STUDIO 2010\PROJECTS\VIDEOTRANSMISSIONSIMULATION\VIDEOTRANSMISSIONSIMULATION\DEBUG\VIDEOTRANSMISSIONSIMULATION.EXE.EMBED.MANIFEST.RES
C:\USERS\ADMINISTRATOR\DOCUMENTS\VISUAL STUDIO 2010\PROJECTS\VIDEOTRANSMISSIONSIMULATION\VIDEOTRANSMISSIONSIMULATION\DEBUG\VIDEOTRANSMISSIONSIMULATION.EXE.INTERMEDIATE.MANIFEST
C:\USERS\ADMINISTRATOR\DOCUMENTS\VISUAL STUDIO 2010\PROJECTS\VIDEOTRANSMISSIONSIMULATION\VIDEOTRANSMISSIONSIMULATION\DEBUG\VIDEOTRANSMISSIONSIMULATION.OBJ
C:\USERS\ADMINISTRATOR\DOCUMENTS\VISUAL STUDIO 2010\PROJECTS\VIDEOTRANSMISSIONSIMULATION\VIDEOTRANSMISSIONSIMULATION\DEBUG\VIDEOTRANSMISSIONSIMULATION.PCH
C:\Users\Administrator\Documents\Visual Studio 2010\Projects\videoTransmissionSimulation\videoTransmissionSimulation\Debug\videoTransmissionSimulation_manifest.rc
