Build started 2013-06-05 11:53:36.
     1>Project "C:\Users\Administrator\Documents\Visual Studio 2010\Projects\videoTransmissionSimulation\videoTransmissionSimulation\videoTransmissionSimulation.vcxproj" on node 2 (build target(s)).
     1>InitializeBuildStatus:
         Creating "Debug\videoTransmissionSimulation.unsuccessfulbuild" because "AlwaysCreate" was specified.
       ClCompile:
         All outputs are up-to-date.
         D:\Program Files\Microsoft Visual Studio 10.0\VC\bin\CL.exe /c /ZI /nologo /W3 /WX- /Od /Oy- /D WIN32 /D _DEBUG /D _CONSOLE /D _UNICODE /D UNICODE /Gm /EHsc /RTC1 /MDd /GS /fp:precise /Zc:wchar_t /Zc:forScope /Yu"StdAfx.h" /Fp"Debug\videoTransmissionSimulation.pch" /Fo"Debug\\" /Fd"Debug\vc100.pdb" /Gd /TP /analyze- /errorReport:prompt videoTransmissionSimulation.cpp
         videoTransmissionSimulation.cpp
     1>c:\users\administrator\documents\visual studio 2010\projects\videotransmissionsimulation\videotransmissionsimulation\channelproperty.h(114): warning C4018: '<' : signed/unsigned mismatch
     1>c:\users\administrator\documents\visual studio 2010\projects\videotransmissionsimulation\videotransmissionsimulation\videodecoder.h(84): warning C4018: '<' : signed/unsigned mismatch
     1>c:\users\administrator\documents\visual studio 2010\projects\videotransmissionsimulation\videotransmissionsimulation\videodecoder.h(96): warning C4018: '<' : signed/unsigned mismatch
     1>c:\users\administrator\documents\visual studio 2010\projects\videotransmissionsimulation\videotransmissionsimulation\videodecoder.h(113): warning C4018: '<' : signed/unsigned mismatch
     1>c:\users\administrator\documents\visual studio 2010\projects\videotransmissionsimulation\videotransmissionsimulation\videodecoder.h(189): warning C4018: '<' : signed/unsigned mismatch
     1>c:\users\administrator\documents\visual studio 2010\projects\videotransmissionsimulation\videotransmissionsimulation\videodecoder.h(286): warning C4018: '<' : signed/unsigned mismatch
     1>c:\users\administrator\documents\visual studio 2010\projects\videotransmissionsimulation\videotransmissionsimulation\videodecoder.h(349): warning C4018: '<' : signed/unsigned mismatch
     1>c:\users\administrator\documents\visual studio 2010\projects\videotransmissionsimulation\videotransmissionsimulation\videodecoder.h(398): warning C4244: 'argument' : conversion from 'double' to 'const int', possible loss of data
     1>c:\users\administrator\documents\visual studio 2010\projects\videotransmissionsimulation\videotransmissionsimulation\videodecoder.h(399): warning C4244: 'argument' : conversion from 'double' to 'const int', possible loss of data
     1>c:\users\administrator\documents\visual studio 2010\projects\videotransmissionsimulation\videotransmissionsimulation\videodecoder.h(423): warning C4018: '<' : signed/unsigned mismatch
     1>c:\users\administrator\documents\visual studio 2010\projects\videotransmissionsimulation\videotransmissionsimulation\videodecoder.h(433): warning C4018: '<' : signed/unsigned mismatch
     1>c:\users\administrator\documents\visual studio 2010\projects\videotransmissionsimulation\videotransmissionsimulation\videodecoder.h(458): warning C4018: '<' : signed/unsigned mismatch
     1>c:\users\administrator\documents\visual studio 2010\projects\videotransmissionsimulation\videotransmissionsimulation\eventqueuemanagement_version4.h(79): warning C4996: 'strcpy': This function or variable may be unsafe. Consider using strcpy_s instead. To disable deprecation, use _CRT_SECURE_NO_WARNINGS. See online help for details.
                 d:\program files\microsoft visual studio 10.0\vc\include\string.h(105) : see declaration of 'strcpy'
     1>c:\users\administrator\documents\visual studio 2010\projects\videotransmissionsimulation\videotransmissionsimulation\eventqueuemanagement_version4.h(83): warning C4996: 'strcpy': This function or variable may be unsafe. Consider using strcpy_s instead. To disable deprecation, use _CRT_SECURE_NO_WARNINGS. See online help for details.
                 d:\program files\microsoft visual studio 10.0\vc\include\string.h(105) : see declaration of 'strcpy'
     1>c:\users\administrator\documents\visual studio 2010\projects\videotransmissionsimulation\videotransmissionsimulation\eventqueuemanagement_version4.h(85): warning C4996: 'strcpy': This function or variable may be unsafe. Consider using strcpy_s instead. To disable deprecation, use _CRT_SECURE_NO_WARNINGS. See online help for details.
                 d:\program files\microsoft visual studio 10.0\vc\include\string.h(105) : see declaration of 'strcpy'
     1>c:\users\administrator\documents\visual studio 2010\projects\videotransmissionsimulation\videotransmissionsimulation\eventqueuemanagement_version4.h(86): warning C4996: 'access': The POSIX name for this item is deprecated. Instead, use the ISO C++ conformant name: _access. See online help for details.
                 d:\program files\microsoft visual studio 10.0\vc\include\io.h(299) : see declaration of 'access'
     1>c:\users\administrator\documents\visual studio 2010\projects\videotransmissionsimulation\videotransmissionsimulation\eventqueuemanagement_version4.h(87): warning C4996: 'mkdir': The POSIX name for this item is deprecated. Instead, use the ISO C++ conformant name: _mkdir. See online help for details.
                 d:\program files\microsoft visual studio 10.0\vc\include\direct.h(124) : see declaration of 'mkdir'
     1>c:\users\administrator\documents\visual studio 2010\projects\videotransmissionsimulation\videotransmissionsimulation\eventqueuemanagement_version4.h(91): warning C4996: 'fopen': This function or variable may be unsafe. Consider using fopen_s instead. To disable deprecation, use _CRT_SECURE_NO_WARNINGS. See online help for details.
                 d:\program files\microsoft visual studio 10.0\vc\include\stdio.h(234) : see declaration of 'fopen'
     1>c:\users\administrator\documents\visual studio 2010\projects\videotransmissionsimulation\videotransmissionsimulation\eventqueuemanagement_version4.h(112): warning C4996: 'fopen': This function or variable may be unsafe. Consider using fopen_s instead. To disable deprecation, use _CRT_SECURE_NO_WARNINGS. See online help for details.
                 d:\program files\microsoft visual studio 10.0\vc\include\stdio.h(234) : see declaration of 'fopen'
     1>c:\users\administrator\documents\visual studio 2010\projects\videotransmissionsimulation\videotransmissionsimulation\eventqueuemanagement_version4.h(113): warning C4996: 'fopen': This function or variable may be unsafe. Consider using fopen_s instead. To disable deprecation, use _CRT_SECURE_NO_WARNINGS. See online help for details.
                 d:\program files\microsoft visual studio 10.0\vc\include\stdio.h(234) : see declaration of 'fopen'
     1>c:\users\administrator\documents\visual studio 2010\projects\videotransmissionsimulation\videotransmissionsimulation\eventqueuemanagement_version4.h(114): warning C4996: 'fopen': This function or variable may be unsafe. Consider using fopen_s instead. To disable deprecation, use _CRT_SECURE_NO_WARNINGS. See online help for details.
                 d:\program files\microsoft visual studio 10.0\vc\include\stdio.h(234) : see declaration of 'fopen'
     1>c:\users\administrator\documents\visual studio 2010\projects\videotransmissionsimulation\videotransmissionsimulation\eventqueuemanagement_version4.h(115): warning C4996: 'fopen': This function or variable may be unsafe. Consider using fopen_s instead. To disable deprecation, use _CRT_SECURE_NO_WARNINGS. See online help for details.
                 d:\program files\microsoft visual studio 10.0\vc\include\stdio.h(234) : see declaration of 'fopen'
     1>c:\users\administrator\documents\visual studio 2010\projects\videotransmissionsimulation\videotransmissionsimulation\eventqueuemanagement_version4.h(116): warning C4996: 'fopen': This function or variable may be unsafe. Consider using fopen_s instead. To disable deprecation, use _CRT_SECURE_NO_WARNINGS. See online help for details.
                 d:\program files\microsoft visual studio 10.0\vc\include\stdio.h(234) : see declaration of 'fopen'
     1>c:\users\administrator\documents\visual studio 2010\projects\videotransmissionsimulation\videotransmissionsimulation\eventqueuemanagement_version4.h(117): warning C4996: 'fopen': This function or variable may be unsafe. Consider using fopen_s instead. To disable deprecation, use _CRT_SECURE_NO_WARNINGS. See online help for details.
                 d:\program files\microsoft visual studio 10.0\vc\include\stdio.h(234) : see declaration of 'fopen'
     1>c:\users\administrator\documents\visual studio 2010\projects\videotransmissionsimulation\videotransmissionsimulation\eventqueuemanagement_version4.h(118): warning C4996: 'fopen': This function or variable may be unsafe. Consider using fopen_s instead. To disable deprecation, use _CRT_SECURE_NO_WARNINGS. See online help for details.
                 d:\program files\microsoft visual studio 10.0\vc\include\stdio.h(234) : see declaration of 'fopen'
     1>c:\users\administrator\documents\visual studio 2010\projects\videotransmissionsimulation\videotransmissionsimulation\eventqueuemanagement_version4.h(119): warning C4996: 'fopen': This function or variable may be unsafe. Consider using fopen_s instead. To disable deprecation, use _CRT_SECURE_NO_WARNINGS. See online help for details.
                 d:\program files\microsoft visual studio 10.0\vc\include\stdio.h(234) : see declaration of 'fopen'
     1>c:\users\administrator\documents\visual studio 2010\projects\videotransmissionsimulation\videotransmissionsimulation\eventqueuemanagement_version4.h(120): warning C4996: 'fopen': This function or variable may be unsafe. Consider using fopen_s instead. To disable deprecation, use _CRT_SECURE_NO_WARNINGS. See online help for details.
                 d:\program files\microsoft visual studio 10.0\vc\include\stdio.h(234) : see declaration of 'fopen'
     1>c:\users\administrator\documents\visual studio 2010\projects\videotransmissionsimulation\videotransmissionsimulation\eventqueuemanagement_version4.h(135): warning C4996: 'fopen': This function or variable may be unsafe. Consider using fopen_s instead. To disable deprecation, use _CRT_SECURE_NO_WARNINGS. See online help for details.
                 d:\program files\microsoft visual studio 10.0\vc\include\stdio.h(234) : see declaration of 'fopen'
     1>c:\users\administrator\documents\visual studio 2010\projects\videotransmissionsimulation\videotransmissionsimulation\eventqueuemanagement_version4.h(140): warning C4996: 'fscanf': This function or variable may be unsafe. Consider using fscanf_s instead. To disable deprecation, use _CRT_SECURE_NO_WARNINGS. See online help for details.
                 d:\program files\microsoft visual studio 10.0\vc\include\stdio.h(253) : see declaration of 'fscanf'
     1>c:\users\administrator\documents\visual studio 2010\projects\videotransmissionsimulation\videotransmissionsimulation\eventqueuemanagement_version4.h(141): warning C4996: 'fscanf': This function or variable may be unsafe. Consider using fscanf_s instead. To disable deprecation, use _CRT_SECURE_NO_WARNINGS. See online help for details.
                 d:\program files\microsoft visual studio 10.0\vc\include\stdio.h(253) : see declaration of 'fscanf'
     1>c:\users\administrator\documents\visual studio 2010\projects\videotransmissionsimulation\videotransmissionsimulation\eventqueuemanagement_version4.h(142): warning C4996: 'fscanf': This function or variable may be unsafe. Consider using fscanf_s instead. To disable deprecation, use _CRT_SECURE_NO_WARNINGS. See online help for details.
                 d:\program files\microsoft visual studio 10.0\vc\include\stdio.h(253) : see declaration of 'fscanf'
     1>c:\users\administrator\documents\visual studio 2010\projects\videotransmissionsimulation\videotransmissionsimulation\eventqueuemanagement_version4.h(147): warning C4244: 'argument' : conversion from 'double' to 'int', possible loss of data
     1>c:\users\administrator\documents\visual studio 2010\projects\videotransmissionsimulation\videotransmissionsimulation\videotransmissionsimulation.cpp(57): warning C4244: 'argument' : conversion from 'double' to 'int', possible loss of data
     1>c:\users\administrator\documents\visual studio 2010\projects\videotransmissionsimulation\videotransmissionsimulation\videotransmissionsimulation.cpp(57): warning C4244: 'argument' : conversion from 'double' to 'int', possible loss of data
     1>c:\users\administrator\documents\visual studio 2010\projects\videotransmissionsimulation\videotransmissionsimulation\networkfifoqueue.h(174): warning C4715: 'NetworkFIFOqueue::getTransmitTime' : not all control paths return a value
       ManifestResourceCompile:
         All outputs are up-to-date.
       Link:
         D:\Program Files\Microsoft Visual Studio 10.0\VC\bin\link.exe /ERRORREPORT:PROMPT /OUT:"C:\Users\Administrator\Documents\Visual Studio 2010\Projects\videoTransmissionSimulation\Debug\videoTransmissionSimulation.exe" /INCREMENTAL /NOLOGO kernel32.lib user32.lib gdi32.lib winspool.lib comdlg32.lib advapi32.lib shell32.lib ole32.lib oleaut32.lib uuid.lib odbc32.lib odbccp32.lib /MANIFEST /ManifestFile:"Debug\videoTransmissionSimulation.exe.intermediate.manifest" /MANIFESTUAC:"level='asInvoker' uiAccess='false'" /DEBUG /PDB:"C:\Users\Administrator\Documents\Visual Studio 2010\Projects\videoTransmissionSimulation\Debug\videoTransmissionSimulation.pdb" /SUBSYSTEM:CONSOLE /TLBID:1 /DYNAMICBASE /NXCOMPAT /IMPLIB:"C:\Users\Administrator\Documents\Visual Studio 2010\Projects\videoTransmissionSimulation\Debug\videoTransmissionSimulation.lib" /MACHINE:X86 Debug\videoTransmissionSimulation.exe.embed.manifest.res
         Debug\stdafx.obj
         Debug\videoPreordersvc.obj
         Debug\videoTransmissionSimulation.obj
       Manifest:
         C:\Program Files\Microsoft SDKs\Windows\v7.0A\bin\mt.exe /nologo /verbose /out:"Debug\videoTransmissionSimulation.exe.embed.manifest" /manifest Debug\videoTransmissionSimulation.exe.intermediate.manifest
         All outputs are up-to-date.
       LinkEmbedManifest:
         All outputs are up-to-date.
         videoTransmissionSimulation.vcxproj -> C:\Users\Administrator\Documents\Visual Studio 2010\Projects\videoTransmissionSimulation\Debug\videoTransmissionSimulation.exe
       FinalizeBuildStatus:
         Deleting file "Debug\videoTransmissionSimulation.unsuccessfulbuild".
         Touching "Debug\videoTransmissionSimulation.lastbuildstate".
     1>Done Building Project "C:\Users\Administrator\Documents\Visual Studio 2010\Projects\videoTransmissionSimulation\videoTransmissionSimulation\videoTransmissionSimulation.vcxproj" (build target(s)).

Build succeeded.

Time Elapsed 00:00:02.33
